<?xml version="1.0" encoding="UTF-8"?>
<testng-results ignored="0" total="1" passed="1" failed="0" skipped="0">
  <reporter-output>
  </reporter-output>
  <suite started-at="2022-09-11T13:09:04 EET" name="Default suite" finished-at="2022-09-11T13:09:05 EET" duration-ms="863">
    <groups>
      <group name="cucumber">
        <method signature="AbstractTestNGCucumberTests.runScenario(io.cucumber.testng.PickleWrapper,io.cucumber.testng.FeatureWrapper)[pri:0, instance:runner.TestRunner@2d901eb0]" name="runScenario" class="io.cucumber.testng.AbstractTestNGCucumberTests"/>
      </group> <!-- cucumber -->
    </groups>
    <test started-at="2022-09-11T13:09:04 EET" name="Default test" finished-at="2022-09-11T13:09:05 EET" duration-ms="863">
      <class name="runner.TestRunner">
        <test-method is-config="true" signature="startDriver(java.lang.String)[pri:0, instance:runner.TestRunner@2d901eb0]" started-at="2022-09-11T13:08:41 EET" name="startDriver" finished-at="2022-09-11T13:09:04 EET" duration-ms="23039" status="PASS">
          <params>
            <param index="0">
              <value>
                <![CDATA[chrome]]>
              </value>
            </param>
          </params>
          <reporter-output>
          </reporter-output>
        </test-method> <!-- startDriver -->
        <test-method is-config="true" signature="setUpClass(org.testng.ITestContext)[pri:0, instance:runner.TestRunner@2d901eb0]" started-at="2022-09-11T13:09:04 EET" name="setUpClass" finished-at="2022-09-11T13:09:05 EET" duration-ms="490" status="PASS">
          <params>
            <param index="0">
              <value>
                <![CDATA[org.testng.TestRunner@64b018f3]]>
              </value>
            </param>
          </params>
          <reporter-output>
          </reporter-output>
        </test-method> <!-- setUpClass -->
        <test-method signature="runScenario(io.cucumber.testng.PickleWrapper,io.cucumber.testng.FeatureWrapper)[pri:0, instance:runner.TestRunner@2d901eb0]" started-at="2022-09-11T13:09:05 EET" name="runScenario" description="Runs Cucumber Scenarios" data-provider="scenarios" finished-at="2022-09-11T13:09:05 EET" duration-ms="307" status="PASS">
          <params>
            <param index="0">
              <value>
                <![CDATA["User Login"]]>
              </value>
            </param>
            <param index="1">
              <value>
                <![CDATA["User Login"]]>
              </value>
            </param>
          </params>
          <reporter-output>
          </reporter-output>
        </test-method> <!-- runScenario -->
        <test-method is-config="true" signature="tearDownClass()[pri:0, instance:runner.TestRunner@2d901eb0]" started-at="2022-09-11T13:09:05 EET" name="tearDownClass" finished-at="2022-09-11T13:09:05 EET" duration-ms="28" status="PASS">
          <reporter-output>
          </reporter-output>
        </test-method> <!-- tearDownClass -->
        <test-method is-config="true" signature="stopDriver()[pri:0, instance:runner.TestRunner@2d901eb0]" started-at="2022-09-11T13:09:05 EET" name="stopDriver" finished-at="2022-09-11T13:09:06 EET" duration-ms="293" status="PASS">
          <reporter-output>
          </reporter-output>
        </test-method> <!-- stopDriver -->
      </class> <!-- runner.TestRunner -->
    </test> <!-- Default test -->
  </suite> <!-- Default suite -->
</testng-results>
