<?xml version="1.0" encoding="UTF-8"?>
<testng-results ignored="0" total="3" passed="3" failed="0" skipped="0">
  <reporter-output>
  </reporter-output>
  <suite started-at="2022-08-12T22:37:32 EET" name="Surefire suite" finished-at="2022-08-12T22:38:05 EET" duration-ms="33275">
    <groups>
      <group name="cucumber">
        <method signature="AbstractTestNGCucumberTests.runScenario(io.cucumber.testng.PickleWrapper,io.cucumber.testng.FeatureWrapper)[pri:0, instance:Runner.TestRunner@5276e6b0]" name="runScenario" class="io.cucumber.testng.AbstractTestNGCucumberTests"/>
        <method signature="AbstractTestNGCucumberTests.runScenario(io.cucumber.testng.PickleWrapper,io.cucumber.testng.FeatureWrapper)[pri:0, instance:tests.BaseTest@6e0dec4a]" name="runScenario" class="io.cucumber.testng.AbstractTestNGCucumberTests"/>
      </group> <!-- cucumber -->
    </groups>
    <test started-at="2022-08-12T22:37:32 EET" name="Surefire test" finished-at="2022-08-12T22:38:05 EET" duration-ms="33275">
      <class name="Runner.TestRunner">
        <test-method is-config="true" signature="setUpClass(org.testng.ITestContext)[pri:0, instance:Runner.TestRunner@5276e6b0]" started-at="2022-08-12T22:37:32 EET" name="setUpClass" finished-at="2022-08-12T22:37:32 EET" duration-ms="395" status="PASS">
          <params>
            <param index="0">
              <value>
                <![CDATA[org.testng.TestRunner@2b148329]]>
              </value>
            </param>
          </params>
          <reporter-output>
          </reporter-output>
        </test-method> <!-- setUpClass -->
        <test-method is-config="true" signature="SetUp(java.lang.String)[pri:0, instance:Runner.TestRunner@5276e6b0]" started-at="2022-08-12T22:37:32 EET" name="SetUp" finished-at="2022-08-12T22:37:39 EET" duration-ms="6761" status="PASS">
          <params>
            <param index="0">
              <value>
                <![CDATA[chrome]]>
              </value>
            </param>
          </params>
          <reporter-output>
          </reporter-output>
        </test-method> <!-- SetUp -->
        <test-method signature="runScenario(io.cucumber.testng.PickleWrapper,io.cucumber.testng.FeatureWrapper)[pri:0, instance:Runner.TestRunner@5276e6b0]" started-at="2022-08-12T22:37:39 EET" name="runScenario" description="Runs Cucumber Scenarios" data-provider="scenarios" finished-at="2022-08-12T22:37:43 EET" duration-ms="4015" status="PASS">
          <params>
            <param index="0">
              <value>
                <![CDATA["check the login functionality"]]>
              </value>
            </param>
            <param index="1">
              <value>
                <![CDATA["As a user I want to login with username and password"]]>
              </value>
            </param>
          </params>
          <reporter-output>
          </reporter-output>
        </test-method> <!-- runScenario -->
        <test-method is-config="true" signature="tearDown()[pri:0, instance:Runner.TestRunner@5276e6b0]" started-at="2022-08-12T22:37:43 EET" name="tearDown" finished-at="2022-08-12T22:37:44 EET" duration-ms="516" status="PASS">
          <reporter-output>
          </reporter-output>
        </test-method> <!-- tearDown -->
        <test-method is-config="true" signature="SetUp(java.lang.String)[pri:0, instance:Runner.TestRunner@5276e6b0]" started-at="2022-08-12T22:37:44 EET" name="SetUp" finished-at="2022-08-12T22:37:49 EET" duration-ms="5607" status="PASS">
          <params>
            <param index="0">
              <value>
                <![CDATA[chrome]]>
              </value>
            </param>
          </params>
          <reporter-output>
          </reporter-output>
        </test-method> <!-- SetUp -->
        <test-method signature="runScenario(io.cucumber.testng.PickleWrapper,io.cucumber.testng.FeatureWrapper)[pri:0, instance:Runner.TestRunner@5276e6b0]" started-at="2022-08-12T22:37:49 EET" name="runScenario" description="Runs Cucumber Scenarios" data-provider="scenarios" finished-at="2022-08-12T22:37:54 EET" duration-ms="5072" status="PASS">
          <params>
            <param index="0">
              <value>
                <![CDATA["check the login functionality with multiple username and Password"]]>
              </value>
            </param>
            <param index="1">
              <value>
                <![CDATA["As a user I want to login with username and password"]]>
              </value>
            </param>
          </params>
          <reporter-output>
          </reporter-output>
        </test-method> <!-- runScenario -->
        <test-method is-config="true" signature="tearDown()[pri:0, instance:Runner.TestRunner@5276e6b0]" started-at="2022-08-12T22:37:54 EET" name="tearDown" finished-at="2022-08-12T22:37:55 EET" duration-ms="457" status="PASS">
          <reporter-output>
          </reporter-output>
        </test-method> <!-- tearDown -->
        <test-method is-config="true" signature="SetUp(java.lang.String)[pri:0, instance:Runner.TestRunner@5276e6b0]" started-at="2022-08-12T22:37:55 EET" name="SetUp" finished-at="2022-08-12T22:38:00 EET" duration-ms="5529" status="PASS">
          <params>
            <param index="0">
              <value>
                <![CDATA[chrome]]>
              </value>
            </param>
          </params>
          <reporter-output>
          </reporter-output>
        </test-method> <!-- SetUp -->
        <test-method signature="runScenario(io.cucumber.testng.PickleWrapper,io.cucumber.testng.FeatureWrapper)[pri:0, instance:Runner.TestRunner@5276e6b0]" started-at="2022-08-12T22:38:00 EET" name="runScenario" description="Runs Cucumber Scenarios" data-provider="scenarios" finished-at="2022-08-12T22:38:04 EET" duration-ms="3891" status="PASS">
          <params>
            <param index="0">
              <value>
                <![CDATA["check the login functionality with multiple username and Password"]]>
              </value>
            </param>
            <param index="1">
              <value>
                <![CDATA["As a user I want to login with username and password"]]>
              </value>
            </param>
          </params>
          <reporter-output>
          </reporter-output>
        </test-method> <!-- runScenario -->
        <test-method is-config="true" signature="tearDown()[pri:0, instance:Runner.TestRunner@5276e6b0]" started-at="2022-08-12T22:38:04 EET" name="tearDown" finished-at="2022-08-12T22:38:05 EET" duration-ms="531" status="PASS">
          <reporter-output>
          </reporter-output>
        </test-method> <!-- tearDown -->
        <test-method is-config="true" signature="tearDownClass()[pri:0, instance:Runner.TestRunner@5276e6b0]" started-at="2022-08-12T22:38:05 EET" name="tearDownClass" finished-at="2022-08-12T22:38:05 EET" duration-ms="408" status="PASS">
          <reporter-output>
          </reporter-output>
        </test-method> <!-- tearDownClass -->
      </class> <!-- Runner.TestRunner -->
      <class name="tests.BaseTest">
        <test-method is-config="true" signature="setUpClass(org.testng.ITestContext)[pri:0, instance:tests.BaseTest@6e0dec4a]" started-at="2022-08-12T22:38:05 EET" name="setUpClass" finished-at="2022-08-12T22:38:05 EET" duration-ms="16" status="PASS">
          <params>
            <param index="0">
              <value>
                <![CDATA[org.testng.TestRunner@2b148329]]>
              </value>
            </param>
          </params>
          <reporter-output>
          </reporter-output>
        </test-method> <!-- setUpClass -->
        <test-method is-config="true" signature="tearDownClass()[pri:0, instance:tests.BaseTest@6e0dec4a]" started-at="2022-08-12T22:38:05 EET" name="tearDownClass" finished-at="2022-08-12T22:38:05 EET" duration-ms="3" status="PASS">
          <reporter-output>
          </reporter-output>
        </test-method> <!-- tearDownClass -->
      </class> <!-- tests.BaseTest -->
    </test> <!-- Surefire test -->
  </suite> <!-- Surefire suite -->
</testng-results>
