<?xml version="1.0" encoding="UTF-8"?>
<testng-results ignored="0" total="3" passed="3" failed="0" skipped="0">
  <reporter-output>
  </reporter-output>
  <suite started-at="2022-09-14T19:29:05 EET" name="Suite" finished-at="2022-09-14T19:29:27 EET" duration-ms="21907">
    <groups>
      <group name="cucumber">
        <method signature="AbstractTestNGCucumberTests.runScenario(io.cucumber.testng.PickleWrapper,io.cucumber.testng.FeatureWrapper)[pri:0, instance:Runner.TestRunner@4116aac9]" name="runScenario" class="io.cucumber.testng.AbstractTestNGCucumberTests"/>
      </group> <!-- cucumber -->
    </groups>
    <test started-at="2022-09-14T19:29:05 EET" name="Test1" finished-at="2022-09-14T19:29:27 EET" duration-ms="21907">
      <class name="Runner.TestRunner">
        <test-method is-config="true" signature="setUpClass(org.testng.ITestContext)[pri:0, instance:Runner.TestRunner@4116aac9]" started-at="2022-09-14T19:29:05 EET" name="setUpClass" finished-at="2022-09-14T19:29:06 EET" duration-ms="968" status="PASS">
          <params>
            <param index="0">
              <value>
                <![CDATA[org.testng.TestRunner@a84338a]]>
              </value>
            </param>
          </params>
          <reporter-output>
          </reporter-output>
        </test-method> <!-- setUpClass -->
        <test-method is-config="true" signature="SetUp()[pri:0, instance:Runner.TestRunner@4116aac9]" started-at="2022-09-14T19:29:06 EET" name="SetUp" finished-at="2022-09-14T19:29:13 EET" duration-ms="6993" status="PASS">
          <reporter-output>
          </reporter-output>
        </test-method> <!-- SetUp -->
        <test-method signature="runScenario(io.cucumber.testng.PickleWrapper,io.cucumber.testng.FeatureWrapper)[pri:0, instance:Runner.TestRunner@4116aac9]" started-at="2022-09-14T19:29:13 EET" name="runScenario" description="Runs Cucumber Scenarios" data-provider="scenarios" finished-at="2022-09-14T19:29:13 EET" duration-ms="696" status="PASS">
          <params>
            <param index="0">
              <value>
                <![CDATA["check the login functionality"]]>
              </value>
            </param>
            <param index="1">
              <value>
                <![CDATA["As a user I want to login with username and password"]]>
              </value>
            </param>
          </params>
          <reporter-output>
          </reporter-output>
        </test-method> <!-- runScenario -->
        <test-method is-config="true" signature="tearDown()[pri:0, instance:Runner.TestRunner@4116aac9]" started-at="2022-09-14T19:29:13 EET" name="tearDown" finished-at="2022-09-14T19:29:14 EET" duration-ms="604" status="PASS">
          <reporter-output>
          </reporter-output>
        </test-method> <!-- tearDown -->
        <test-method is-config="true" signature="SetUp()[pri:0, instance:Runner.TestRunner@4116aac9]" started-at="2022-09-14T19:29:14 EET" name="SetUp" finished-at="2022-09-14T19:29:18 EET" duration-ms="4411" status="PASS">
          <reporter-output>
          </reporter-output>
        </test-method> <!-- SetUp -->
        <test-method signature="runScenario(io.cucumber.testng.PickleWrapper,io.cucumber.testng.FeatureWrapper)[pri:0, instance:Runner.TestRunner@4116aac9]" started-at="2022-09-14T19:29:18 EET" name="runScenario" description="Runs Cucumber Scenarios" data-provider="scenarios" finished-at="2022-09-14T19:29:19 EET" duration-ms="380" status="PASS">
          <params>
            <param index="0">
              <value>
                <![CDATA["check the login functionality with multiple username and Password"]]>
              </value>
            </param>
            <param index="1">
              <value>
                <![CDATA["As a user I want to login with username and password"]]>
              </value>
            </param>
          </params>
          <reporter-output>
          </reporter-output>
        </test-method> <!-- runScenario -->
        <test-method is-config="true" signature="tearDown()[pri:0, instance:Runner.TestRunner@4116aac9]" started-at="2022-09-14T19:29:19 EET" name="tearDown" finished-at="2022-09-14T19:29:19 EET" duration-ms="563" status="PASS">
          <reporter-output>
          </reporter-output>
        </test-method> <!-- tearDown -->
        <test-method is-config="true" signature="SetUp()[pri:0, instance:Runner.TestRunner@4116aac9]" started-at="2022-09-14T19:29:19 EET" name="SetUp" finished-at="2022-09-14T19:29:24 EET" duration-ms="4417" status="PASS">
          <reporter-output>
          </reporter-output>
        </test-method> <!-- SetUp -->
        <test-method signature="runScenario(io.cucumber.testng.PickleWrapper,io.cucumber.testng.FeatureWrapper)[pri:0, instance:Runner.TestRunner@4116aac9]" started-at="2022-09-14T19:29:24 EET" name="runScenario" description="Runs Cucumber Scenarios" data-provider="scenarios" finished-at="2022-09-14T19:29:24 EET" duration-ms="365" status="PASS">
          <params>
            <param index="0">
              <value>
                <![CDATA["check the login functionality with multiple username and Password"]]>
              </value>
            </param>
            <param index="1">
              <value>
                <![CDATA["As a user I want to login with username and password"]]>
              </value>
            </param>
          </params>
          <reporter-output>
          </reporter-output>
        </test-method> <!-- runScenario -->
        <test-method is-config="true" signature="tearDown()[pri:0, instance:Runner.TestRunner@4116aac9]" started-at="2022-09-14T19:29:24 EET" name="tearDown" finished-at="2022-09-14T19:29:25 EET" duration-ms="548" status="PASS">
          <reporter-output>
          </reporter-output>
        </test-method> <!-- tearDown -->
        <test-method is-config="true" signature="tearDownClass()[pri:0, instance:Runner.TestRunner@4116aac9]" started-at="2022-09-14T19:29:25 EET" name="tearDownClass" finished-at="2022-09-14T19:29:27 EET" duration-ms="1888" status="PASS">
          <reporter-output>
          </reporter-output>
        </test-method> <!-- tearDownClass -->
      </class> <!-- Runner.TestRunner -->
    </test> <!-- Test1 -->
  </suite> <!-- Suite -->
</testng-results>
